<?xml version="1.0" encoding="UTF-8"?>
<!-- Generated by org.testng.reporters.JUnitReportReporter -->
<testsuite hostname="Apples-MacBook-Pro-2.local" name="cucumberOptions.Demo_BeforeMethod" tests="1" failures="0" timestamp="6 Jun 2020 09:57:44 GMT" time="0.009" errors="0">
  <testcase name="TC_01" time="0.009" classname="cucumberOptions.Demo_BeforeMethod"/>
</testsuite> <!-- cucumberOptions.Demo_BeforeMethod -->
